<?xml version="1.0" encoding="UTF-8"?>
<testsuite xmlns:xsi="http://www.w3.org/2001/XMLSchema-instance" xsi:noNamespaceSchemaLocation="https://maven.apache.org/surefire/maven-surefire-plugin/xsd/surefire-test-report.xsd" version="3.0.2" name="com.shailahir.koha.patron.KohaJavaPatronApplicationTests" time="1.183" tests="1" errors="0" skipped="0" failures="0" flakes="0">
  <properties>
[...]
</properties>
  <testcase name="contextLoads" classname="com.shailahir.koha.patron.KohaJavaPatronApplicationTests" time="0.273">
    <system-out><![CDATA[02:31:23.993 [main] INFO org.springframework.test.context.support.AnnotationConfigContextLoaderUtils -- Could not detect default configuration classes for test class [com.shailahir.koha.patron.KohaJavaPatronApplicationTests]: KohaJavaPatronApplicationTests does not declare any static, non-private, non-final, nested classes annotated with @Configuration.
02:31:24.063 [main] INFO org.springframework.boot.test.context.SpringBootTestContextBootstrapper -- Found @SpringBootConfiguration com.shailahir.koha.patron.KohaJavaPatronApplication for test class com.shailahir.koha.patron.KohaJavaPatronApplicationTests
02:31:24.115 [main] INFO org.springframework.test.context.support.AnnotationConfigContextLoaderUtils -- Could not detect default configuration classes for test class [com.shailahir.koha.patron.KohaJavaPatronApplicationTests]: KohaJavaPatronApplicationTests does not declare any static, non-private, non-final, nested classes annotated with @Configuration.
02:31:24.117 [main] INFO org.springframework.boot.test.context.SpringBootTestContextBootstrapper -- Found @SpringBootConfiguration com.shailahir.koha.patron.KohaJavaPatronApplication for test class com.shailahir.koha.patron.KohaJavaPatronApplicationTests

  .   ____          _            __ _ _
 /\\ / ___'_ __ _ _(_)_ __  __ _ \ \ \ \
( ( )\___ | '_ | '_| | '_ \/ _` | \ \ \ \
 \\/  ___)| |_)| | | | | || (_| |  ) ) ) )
  '  |____| .__|_| |_|_| |_\__, | / / / /
 =========|_|==============|___/=/_/_/_/

 :: Spring Boot ::                (v4.0.5)

2026-04-18T02:31:24.293+05:30  INFO 10636 --- [koha-java-patron] [           main] c.s.k.p.KohaJavaPatronApplicationTests   : Starting KohaJavaPatronApplicationTests using Java 25.0.2 with PID 10636 (started by shail in C:\PHASE2\Koha_Port\koha-java-patron)
2026-04-18T02:31:24.294+05:30  INFO 10636 --- [koha-java-patron] [           main] c.s.k.p.KohaJavaPatronApplicationTests   : No active profile set, falling back to 1 default profile: "default"
2026-04-18T02:31:24.792+05:30  INFO 10636 --- [koha-java-patron] [           main] c.s.k.p.KohaJavaPatronApplicationTests   : Started KohaJavaPatronApplicationTests in 0.637 seconds (process running for 1.257)
]]></system-out>
    <system-err><![CDATA[Mockito is currently self-attaching to enable the inline-mock-maker. This will no longer work in future releases of the JDK. Please add Mockito as an agent to your build as described in Mockito's documentation: https://javadoc.io/doc/org.mockito/mockito-core/latest/org.mockito/org/mockito/Mockito.html#0.3
WARNING: A Java agent has been loaded dynamically (C:\Users\shail\.m2\repository\net\bytebuddy\byte-buddy-agent\1.17.8\byte-buddy-agent-1.17.8.jar)
WARNING: If a serviceability tool is in use, please run with -XX:+EnableDynamicAgentLoading to hide this warning
WARNING: If a serviceability tool is not in use, please run with -Djdk.instrument.traceUsage for more information
WARNING: Dynamic loading of agents will be disallowed by default in a future release
]]></system-err>
  </testcase>
</testsuite>